<?xml version="1.0" encoding="UTF-8"?>
<!-- Generated by org.testng.reporters.JUnitReportReporter -->
<testsuite hostname="VinothKumarG" failures="0" tests="1" name="runner.TestRunner" time="12.903" errors="0" timestamp="2024-09-03T22:43:01 IST" skipped="0">
  <testcase classname="runner.TestRunner" name="runScenario" time="12.903"/>
</testsuite> <!-- runner.TestRunner -->
