<?xml version="1.0" encoding="UTF-8"?>
<!-- Generated by org.testng.reporters.JUnitReportReporter -->
<testsuite hostname="VinothKumarG" failures="0" tests="1" name="runner.TestRunner" time="22.019" errors="0" timestamp="2024-09-22T13:31:50 IST" skipped="0">
  <testcase classname="runner.TestRunner" name="runScenario" time="22.019"/>
</testsuite> <!-- runner.TestRunner -->
