<?xml version="1.0" encoding="UTF-8"?>
<!-- Generated by org.testng.reporters.JUnitReportReporter -->
<testsuite hostname="VinothKumarG" failures="0" tests="2" name="runner.TestRunner_reRunFaildCase" time="60.832" errors="0" timestamp="2024-08-07T09:04:59 IST" skipped="0">
  <testcase classname="runner.TestRunner_reRunFaildCase" name="runScenario" time="49.460"/>
  <testcase classname="runner.TestRunner_reRunFaildCase" name="runScenario" time="11.372"/>
</testsuite> <!-- runner.TestRunner_reRunFaildCase -->
