<?xml version="1.0" encoding="UTF-8"?>
<!-- Generated by org.testng.reporters.JUnitReportReporter -->
<testsuite hostname="VinothKumarG" failures="0" tests="1" name="runner.TestRunner" time="0.126" errors="0" timestamp="2024-09-02T09:47:59 IST" skipped="0">
  <testcase classname="runner.TestRunner" name="runScenario" time="0.126"/>
</testsuite> <!-- runner.TestRunner -->
